Content-Type: multipart/alternative; boundary="===============2077464539=="
MIME-Version: 1.0
Subject: Profile activation
From: test@example.com
To: ameerqureshi8691@gmail.com
Date: Sat, 30 May 2020 13:17:38 -0000
Message-ID: <159084465884.10960.13044958234954902486@DESKTOP-772BU21>

--===============2077464539==
Content-Type: text/plain; charset="utf-8"
MIME-Version: 1.0
Content-Transfer-Encoding: 7bit



To activate your profile, please follow this link:

http://127.0.0.1:8000/accounts/activate/595zqwrwPJlQVhptzRox/

--===============2077464539==
Content-Type: text/html; charset="utf-8"
MIME-Version: 1.0
Content-Transfer-Encoding: 7bit



<!DOCTYPE html PUBLIC "-//W3C//DTD XHTML 1.0 Transitional//EN"
        "http://www.w3.org/TR/xhtml1/DTD/xhtml1-transitional.dtd">
<html xmlns="http://www.w3.org/1999/xhtml">
<head>
    <meta http-equiv="Content-Type" content="text/html; charset=UTF-8"/>
    <title>Profile activation</title>
    <meta name="viewport" content="width=device-width, initial-scale=1.0"/>
</head>

<body>

<p>
    To activate your profile, please follow this link:
</p>

<p>
    <a href="http://127.0.0.1:8000/accounts/activate/595zqwrwPJlQVhptzRox/">http://127.0.0.1:8000/accounts/activate/595zqwrwPJlQVhptzRox/</a>
</p>

</body>

</html>

--===============2077464539==--

-------------------------------------------------------------------------------
